
  .   ____          _            __ _ _
 /\\ / ___'_ __ _ _(_)_ __  __ _ \ \ \ \
( ( )\___ | '_ | '_| | '_ \/ _` | \ \ \ \
 \\/  ___)| |_)| | | | | || (_| |  ) ) ) )
  '  |____| .__|_| |_|_| |_\__, | / / / /
 =========|_|==============|___/=/_/_/_/

 :: Spring Boot ::                (v3.4.2)

2025-03-09T20:52:43.640Z  INFO 127114 --- [TechtrixEventManagement-1] [           main] .e.d.TechtrixEventManagement1Application : Starting TechtrixEventManagement1Application v0.0.1-SNAPSHOT using Java 21.0.6 with PID 127114 (/EventManagement/Event-BMS/target/TechtrixEventManagement-1-0.0.1-SNAPSHOT.jar started by root in /EventManagement/Event-BMS)
2025-03-09T20:52:43.650Z DEBUG 127114 --- [TechtrixEventManagement-1] [           main] .e.d.TechtrixEventManagement1Application : Running with Spring Boot v3.4.2, Spring v6.2.2
2025-03-09T20:52:43.653Z  INFO 127114 --- [TechtrixEventManagement-1] [           main] .e.d.TechtrixEventManagement1Application : No active profile set, falling back to 1 default profile: "default"
2025-03-09T20:52:46.854Z  INFO 127114 --- [TechtrixEventManagement-1] [           main] .s.d.r.c.RepositoryConfigurationDelegate : Bootstrapping Spring Data JPA repositories in DEFAULT mode.
2025-03-09T20:52:47.140Z  INFO 127114 --- [TechtrixEventManagement-1] [           main] .s.d.r.c.RepositoryConfigurationDelegate : Finished Spring Data repository scanning in 245 ms. Found 8 JPA repository interfaces.
2025-03-09T20:52:49.802Z  INFO 127114 --- [TechtrixEventManagement-1] [           main] o.s.b.w.embedded.tomcat.TomcatWebServer  : Tomcat initialized with port 8080 (http)
2025-03-09T20:52:49.852Z  INFO 127114 --- [TechtrixEventManagement-1] [           main] o.apache.catalina.core.StandardService   : Starting service [Tomcat]
2025-03-09T20:52:49.854Z  INFO 127114 --- [TechtrixEventManagement-1] [           main] o.apache.catalina.core.StandardEngine    : Starting Servlet engine: [Apache Tomcat/10.1.34]
2025-03-09T20:52:50.311Z  INFO 127114 --- [TechtrixEventManagement-1] [           main] o.a.c.c.C.[Tomcat].[localhost].[/]       : Initializing Spring embedded WebApplicationContext
2025-03-09T20:52:50.315Z  INFO 127114 --- [TechtrixEventManagement-1] [           main] w.s.c.ServletWebServerApplicationContext : Root WebApplicationContext: initialization completed in 6457 ms
2025-03-09T20:52:50.936Z  INFO 127114 --- [TechtrixEventManagement-1] [           main] o.hibernate.jpa.internal.util.LogHelper  : HHH000204: Processing PersistenceUnitInfo [name: default]
2025-03-09T20:52:51.203Z  INFO 127114 --- [TechtrixEventManagement-1] [           main] org.hibernate.Version                    : HHH000412: Hibernate ORM core version 6.6.5.Final
2025-03-09T20:52:51.346Z  INFO 127114 --- [TechtrixEventManagement-1] [           main] o.h.c.internal.RegionFactoryInitiator    : HHH000026: Second-level cache disabled
2025-03-09T20:52:52.755Z  INFO 127114 --- [TechtrixEventManagement-1] [           main] o.s.o.j.p.SpringPersistenceUnitInfo      : No LoadTimeWeaver setup: ignoring JPA class transformer
2025-03-09T20:52:52.904Z  INFO 127114 --- [TechtrixEventManagement-1] [           main] com.zaxxer.hikari.HikariDataSource       : HikariPool-1 - Starting...
2025-03-09T20:52:54.490Z  INFO 127114 --- [TechtrixEventManagement-1] [           main] com.zaxxer.hikari.pool.HikariPool        : HikariPool-1 - Added connection com.mysql.cj.jdbc.ConnectionImpl@7a62d697
2025-03-09T20:52:54.499Z  INFO 127114 --- [TechtrixEventManagement-1] [           main] com.zaxxer.hikari.HikariDataSource       : HikariPool-1 - Start completed.
2025-03-09T20:52:54.761Z  WARN 127114 --- [TechtrixEventManagement-1] [           main] org.hibernate.orm.deprecation            : HHH90000025: MySQLDialect does not need to be specified explicitly using 'hibernate.dialect' (remove the property setting and it will be selected by default)
2025-03-09T20:52:54.890Z  INFO 127114 --- [TechtrixEventManagement-1] [           main] org.hibernate.orm.connections.pooling    : HHH10001005: Database info:
	Database JDBC URL [Connecting through datasource 'HikariDataSource (HikariPool-1)']
	Database driver: undefined/unknown
	Database version: 8.0.41
	Autocommit mode: undefined/unknown
	Isolation level: undefined/unknown
	Minimum pool size: undefined/unknown
	Maximum pool size: undefined/unknown
2025-03-09T20:53:01.090Z  INFO 127114 --- [TechtrixEventManagement-1] [           main] o.h.e.t.j.p.i.JtaPlatformInitiator       : HHH000489: No JTA platform available (set 'hibernate.transaction.jta.platform' to enable JTA platform integration)
2025-03-09T20:53:01.445Z  INFO 127114 --- [TechtrixEventManagement-1] [           main] j.LocalContainerEntityManagerFactoryBean : Initialized JPA EntityManagerFactory for persistence unit 'default'
2025-03-09T20:53:03.272Z DEBUG 127114 --- [TechtrixEventManagement-1] [           main] c.example.demo.JwtAuthenticationFilter   : Filter 'jwtAuthenticationFilter' configured for use
2025-03-09T20:53:04.231Z  WARN 127114 --- [TechtrixEventManagement-1] [           main] JpaBaseConfiguration$JpaWebConfiguration : spring.jpa.open-in-view is enabled by default. Therefore, database queries may be performed during view rendering. Explicitly configure spring.jpa.open-in-view to disable this warning
2025-03-09T20:53:04.673Z  INFO 127114 --- [TechtrixEventManagement-1] [           main] r$InitializeUserDetailsManagerConfigurer : Global AuthenticationManager configured with UserDetailsService bean with name customFacultyDetailService
2025-03-09T20:53:05.056Z  INFO 127114 --- [TechtrixEventManagement-1] [           main] o.s.b.a.w.s.WelcomePageHandlerMapping    : Adding welcome page: class path resource [static/index.html]
security config loaded
2025-03-09T20:53:06.112Z DEBUG 127114 --- [TechtrixEventManagement-1] [           main] o.s.s.web.DefaultSecurityFilterChain     : Will secure any request with filters: DisableEncodeUrlFilter, WebAsyncManagerIntegrationFilter, SecurityContextHolderFilter, HeaderWriterFilter, LogoutFilter, JwtAuthenticationFilter, RequestCacheAwareFilter, SecurityContextHolderAwareRequestFilter, AnonymousAuthenticationFilter, SessionManagementFilter, ExceptionTranslationFilter, AuthorizationFilter
2025-03-09T20:53:07.202Z  INFO 127114 --- [TechtrixEventManagement-1] [           main] o.s.b.w.embedded.tomcat.TomcatWebServer  : Tomcat started on port 8080 (http) with context path '/'
2025-03-09T20:53:07.273Z  INFO 127114 --- [TechtrixEventManagement-1] [           main] .e.d.TechtrixEventManagement1Application : Started TechtrixEventManagement1Application in 26.028 seconds (process running for 28.05)
2025-03-09T20:53:28.110Z  INFO 127114 --- [TechtrixEventManagement-1] [nio-8080-exec-1] o.a.c.c.C.[Tomcat].[localhost].[/]       : Initializing Spring DispatcherServlet 'dispatcherServlet'
2025-03-09T20:53:28.111Z  INFO 127114 --- [TechtrixEventManagement-1] [nio-8080-exec-1] o.s.web.servlet.DispatcherServlet        : Initializing Servlet 'dispatcherServlet'
2025-03-09T20:53:28.119Z  INFO 127114 --- [TechtrixEventManagement-1] [nio-8080-exec-1] o.s.web.servlet.DispatcherServlet        : Completed initialization in 7 ms
2025-03-09T20:53:28.215Z DEBUG 127114 --- [TechtrixEventManagement-1] [nio-8080-exec-1] o.s.security.web.FilterChainProxy        : Securing GET /
Processing request: /
2025-03-09T20:53:28.267Z DEBUG 127114 --- [TechtrixEventManagement-1] [nio-8080-exec-1] o.s.s.w.a.AnonymousAuthenticationFilter  : Set SecurityContextHolder to anonymous SecurityContext
2025-03-09T20:53:28.294Z DEBUG 127114 --- [TechtrixEventManagement-1] [nio-8080-exec-1] o.s.s.w.a.Http403ForbiddenEntryPoint     : Pre-authenticated entry point called. Rejecting access
2025-03-09T20:53:28.370Z DEBUG 127114 --- [TechtrixEventManagement-1] [nio-8080-exec-1] o.s.security.web.FilterChainProxy        : Securing GET /error
2025-03-09T20:53:28.375Z DEBUG 127114 --- [TechtrixEventManagement-1] [nio-8080-exec-1] o.s.s.w.a.AnonymousAuthenticationFilter  : Set SecurityContextHolder to anonymous SecurityContext
2025-03-09T20:53:28.378Z DEBUG 127114 --- [TechtrixEventManagement-1] [nio-8080-exec-1] o.s.s.w.a.Http403ForbiddenEntryPoint     : Pre-authenticated entry point called. Rejecting access
2025-03-09T20:53:31.682Z DEBUG 127114 --- [TechtrixEventManagement-1] [nio-8080-exec-2] o.s.security.web.FilterChainProxy        : Securing GET /
Processing request: /
2025-03-09T20:53:31.687Z DEBUG 127114 --- [TechtrixEventManagement-1] [nio-8080-exec-2] o.s.s.w.a.AnonymousAuthenticationFilter  : Set SecurityContextHolder to anonymous SecurityContext
2025-03-09T20:53:31.694Z DEBUG 127114 --- [TechtrixEventManagement-1] [nio-8080-exec-2] o.s.s.w.a.Http403ForbiddenEntryPoint     : Pre-authenticated entry point called. Rejecting access
2025-03-09T20:53:31.707Z DEBUG 127114 --- [TechtrixEventManagement-1] [nio-8080-exec-2] o.s.security.web.FilterChainProxy        : Securing GET /error
2025-03-09T20:53:31.718Z DEBUG 127114 --- [TechtrixEventManagement-1] [nio-8080-exec-2] o.s.s.w.a.AnonymousAuthenticationFilter  : Set SecurityContextHolder to anonymous SecurityContext
2025-03-09T20:53:31.719Z DEBUG 127114 --- [TechtrixEventManagement-1] [nio-8080-exec-2] o.s.s.w.a.Http403ForbiddenEntryPoint     : Pre-authenticated entry point called. Rejecting access
2025-03-09T21:00:03.000Z DEBUG 127114 --- [TechtrixEventManagement-1] [nio-8080-exec-3] o.s.security.web.FilterChainProxy        : Securing GET /
Processing request: /
2025-03-09T21:00:03.008Z DEBUG 127114 --- [TechtrixEventManagement-1] [nio-8080-exec-3] o.s.s.w.a.AnonymousAuthenticationFilter  : Set SecurityContextHolder to anonymous SecurityContext
2025-03-09T21:00:03.012Z DEBUG 127114 --- [TechtrixEventManagement-1] [nio-8080-exec-3] o.s.s.w.a.Http403ForbiddenEntryPoint     : Pre-authenticated entry point called. Rejecting access
2025-03-09T21:00:03.023Z DEBUG 127114 --- [TechtrixEventManagement-1] [nio-8080-exec-3] o.s.security.web.FilterChainProxy        : Securing GET /error
2025-03-09T21:00:03.025Z DEBUG 127114 --- [TechtrixEventManagement-1] [nio-8080-exec-3] o.s.s.w.a.AnonymousAuthenticationFilter  : Set SecurityContextHolder to anonymous SecurityContext
2025-03-09T21:00:03.025Z DEBUG 127114 --- [TechtrixEventManagement-1] [nio-8080-exec-3] o.s.s.w.a.Http403ForbiddenEntryPoint     : Pre-authenticated entry point called. Rejecting access
2025-03-09T21:00:05.303Z DEBUG 127114 --- [TechtrixEventManagement-1] [nio-8080-exec-4] o.s.security.web.FilterChainProxy        : Securing GET /
Processing request: /
2025-03-09T21:00:05.304Z DEBUG 127114 --- [TechtrixEventManagement-1] [nio-8080-exec-4] o.s.s.w.a.AnonymousAuthenticationFilter  : Set SecurityContextHolder to anonymous SecurityContext
2025-03-09T21:00:05.309Z DEBUG 127114 --- [TechtrixEventManagement-1] [nio-8080-exec-4] o.s.s.w.a.Http403ForbiddenEntryPoint     : Pre-authenticated entry point called. Rejecting access
2025-03-09T21:00:05.313Z DEBUG 127114 --- [TechtrixEventManagement-1] [nio-8080-exec-4] o.s.security.web.FilterChainProxy        : Securing GET /error
2025-03-09T21:00:05.316Z DEBUG 127114 --- [TechtrixEventManagement-1] [nio-8080-exec-4] o.s.s.w.a.AnonymousAuthenticationFilter  : Set SecurityContextHolder to anonymous SecurityContext
2025-03-09T21:00:05.316Z DEBUG 127114 --- [TechtrixEventManagement-1] [nio-8080-exec-4] o.s.s.w.a.Http403ForbiddenEntryPoint     : Pre-authenticated entry point called. Rejecting access
2025-03-09T21:03:35.071Z DEBUG 127114 --- [TechtrixEventManagement-1] [nio-8080-exec-5] o.s.security.web.FilterChainProxy        : Securing GET /
Processing request: /
2025-03-09T21:03:35.084Z DEBUG 127114 --- [TechtrixEventManagement-1] [nio-8080-exec-5] o.s.s.w.a.AnonymousAuthenticationFilter  : Set SecurityContextHolder to anonymous SecurityContext
2025-03-09T21:03:35.100Z DEBUG 127114 --- [TechtrixEventManagement-1] [nio-8080-exec-5] o.s.s.w.a.Http403ForbiddenEntryPoint     : Pre-authenticated entry point called. Rejecting access
2025-03-09T21:03:35.110Z DEBUG 127114 --- [TechtrixEventManagement-1] [nio-8080-exec-5] o.s.security.web.FilterChainProxy        : Securing GET /error
2025-03-09T21:03:35.111Z DEBUG 127114 --- [TechtrixEventManagement-1] [nio-8080-exec-5] o.s.s.w.a.AnonymousAuthenticationFilter  : Set SecurityContextHolder to anonymous SecurityContext
2025-03-09T21:03:35.117Z DEBUG 127114 --- [TechtrixEventManagement-1] [nio-8080-exec-5] o.s.s.w.a.Http403ForbiddenEntryPoint     : Pre-authenticated entry point called. Rejecting access
2025-03-09T21:10:33.372Z DEBUG 127114 --- [TechtrixEventManagement-1] [nio-8080-exec-6] o.s.security.web.FilterChainProxy        : Securing GET /
Processing request: /
2025-03-09T21:10:33.376Z DEBUG 127114 --- [TechtrixEventManagement-1] [nio-8080-exec-6] o.s.s.w.a.AnonymousAuthenticationFilter  : Set SecurityContextHolder to anonymous SecurityContext
2025-03-09T21:10:33.380Z DEBUG 127114 --- [TechtrixEventManagement-1] [nio-8080-exec-6] o.s.s.w.a.Http403ForbiddenEntryPoint     : Pre-authenticated entry point called. Rejecting access
2025-03-09T21:10:33.394Z DEBUG 127114 --- [TechtrixEventManagement-1] [nio-8080-exec-6] o.s.security.web.FilterChainProxy        : Securing GET /error
2025-03-09T21:10:33.399Z DEBUG 127114 --- [TechtrixEventManagement-1] [nio-8080-exec-6] o.s.s.w.a.AnonymousAuthenticationFilter  : Set SecurityContextHolder to anonymous SecurityContext
2025-03-09T21:10:33.400Z DEBUG 127114 --- [TechtrixEventManagement-1] [nio-8080-exec-6] o.s.s.w.a.Http403ForbiddenEntryPoint     : Pre-authenticated entry point called. Rejecting access
2025-03-09T21:10:47.514Z DEBUG 127114 --- [TechtrixEventManagement-1] [nio-8080-exec-7] o.s.security.web.FilterChainProxy        : Securing GET /
Processing request: /
2025-03-09T21:10:47.522Z DEBUG 127114 --- [TechtrixEventManagement-1] [nio-8080-exec-7] o.s.s.w.a.AnonymousAuthenticationFilter  : Set SecurityContextHolder to anonymous SecurityContext
2025-03-09T21:10:47.531Z DEBUG 127114 --- [TechtrixEventManagement-1] [nio-8080-exec-7] o.s.s.w.a.Http403ForbiddenEntryPoint     : Pre-authenticated entry point called. Rejecting access
2025-03-09T21:10:47.541Z DEBUG 127114 --- [TechtrixEventManagement-1] [nio-8080-exec-7] o.s.security.web.FilterChainProxy        : Securing GET /error
2025-03-09T21:10:47.544Z DEBUG 127114 --- [TechtrixEventManagement-1] [nio-8080-exec-7] o.s.s.w.a.AnonymousAuthenticationFilter  : Set SecurityContextHolder to anonymous SecurityContext
2025-03-09T21:10:47.548Z DEBUG 127114 --- [TechtrixEventManagement-1] [nio-8080-exec-7] o.s.s.w.a.Http403ForbiddenEntryPoint     : Pre-authenticated entry point called. Rejecting access
2025-03-09T21:10:56.676Z DEBUG 127114 --- [TechtrixEventManagement-1] [nio-8080-exec-8] o.s.security.web.FilterChainProxy        : Securing GET /
Processing request: /
2025-03-09T21:10:56.679Z DEBUG 127114 --- [TechtrixEventManagement-1] [nio-8080-exec-8] o.s.s.w.a.AnonymousAuthenticationFilter  : Set SecurityContextHolder to anonymous SecurityContext
2025-03-09T21:10:56.696Z DEBUG 127114 --- [TechtrixEventManagement-1] [nio-8080-exec-8] o.s.s.w.a.Http403ForbiddenEntryPoint     : Pre-authenticated entry point called. Rejecting access
2025-03-09T21:10:56.701Z DEBUG 127114 --- [TechtrixEventManagement-1] [nio-8080-exec-8] o.s.security.web.FilterChainProxy        : Securing GET /error
2025-03-09T21:10:56.705Z DEBUG 127114 --- [TechtrixEventManagement-1] [nio-8080-exec-8] o.s.s.w.a.AnonymousAuthenticationFilter  : Set SecurityContextHolder to anonymous SecurityContext
2025-03-09T21:10:56.707Z DEBUG 127114 --- [TechtrixEventManagement-1] [nio-8080-exec-8] o.s.s.w.a.Http403ForbiddenEntryPoint     : Pre-authenticated entry point called. Rejecting access
2025-03-09T21:11:02.815Z DEBUG 127114 --- [TechtrixEventManagement-1] [nio-8080-exec-9] o.s.security.web.FilterChainProxy        : Securing GET /
Processing request: /
2025-03-09T21:11:02.817Z DEBUG 127114 --- [TechtrixEventManagement-1] [nio-8080-exec-9] o.s.s.w.a.AnonymousAuthenticationFilter  : Set SecurityContextHolder to anonymous SecurityContext
2025-03-09T21:11:02.818Z DEBUG 127114 --- [TechtrixEventManagement-1] [nio-8080-exec-9] o.s.s.w.a.Http403ForbiddenEntryPoint     : Pre-authenticated entry point called. Rejecting access
2025-03-09T21:11:02.823Z DEBUG 127114 --- [TechtrixEventManagement-1] [nio-8080-exec-9] o.s.security.web.FilterChainProxy        : Securing GET /error
2025-03-09T21:11:02.825Z DEBUG 127114 --- [TechtrixEventManagement-1] [nio-8080-exec-9] o.s.s.w.a.AnonymousAuthenticationFilter  : Set SecurityContextHolder to anonymous SecurityContext
2025-03-09T21:11:02.826Z DEBUG 127114 --- [TechtrixEventManagement-1] [nio-8080-exec-9] o.s.s.w.a.Http403ForbiddenEntryPoint     : Pre-authenticated entry point called. Rejecting access
2025-03-09T21:20:11.764Z DEBUG 127114 --- [TechtrixEventManagement-1] [io-8080-exec-10] o.s.security.web.FilterChainProxy        : Securing HEAD /
Processing request: /
2025-03-09T21:20:11.773Z DEBUG 127114 --- [TechtrixEventManagement-1] [io-8080-exec-10] o.s.s.w.a.AnonymousAuthenticationFilter  : Set SecurityContextHolder to anonymous SecurityContext
2025-03-09T21:20:11.787Z DEBUG 127114 --- [TechtrixEventManagement-1] [io-8080-exec-10] o.s.s.w.a.Http403ForbiddenEntryPoint     : Pre-authenticated entry point called. Rejecting access
2025-03-09T21:20:11.803Z DEBUG 127114 --- [TechtrixEventManagement-1] [io-8080-exec-10] o.s.security.web.FilterChainProxy        : Securing HEAD /error
2025-03-09T21:20:11.807Z DEBUG 127114 --- [TechtrixEventManagement-1] [io-8080-exec-10] o.s.s.w.a.AnonymousAuthenticationFilter  : Set SecurityContextHolder to anonymous SecurityContext
2025-03-09T21:20:11.813Z DEBUG 127114 --- [TechtrixEventManagement-1] [io-8080-exec-10] o.s.s.w.a.Http403ForbiddenEntryPoint     : Pre-authenticated entry point called. Rejecting access
2025-03-09T21:20:24.727Z DEBUG 127114 --- [TechtrixEventManagement-1] [nio-8080-exec-2] o.s.security.web.FilterChainProxy        : Securing HEAD /api/events
Processing request: /api/events
2025-03-09T21:20:24.730Z DEBUG 127114 --- [TechtrixEventManagement-1] [nio-8080-exec-2] o.s.s.w.a.AnonymousAuthenticationFilter  : Set SecurityContextHolder to anonymous SecurityContext
2025-03-09T21:20:24.746Z DEBUG 127114 --- [TechtrixEventManagement-1] [nio-8080-exec-2] o.s.s.w.a.Http403ForbiddenEntryPoint     : Pre-authenticated entry point called. Rejecting access
2025-03-09T21:20:24.753Z DEBUG 127114 --- [TechtrixEventManagement-1] [nio-8080-exec-2] o.s.security.web.FilterChainProxy        : Securing HEAD /error
2025-03-09T21:20:24.754Z DEBUG 127114 --- [TechtrixEventManagement-1] [nio-8080-exec-2] o.s.s.w.a.AnonymousAuthenticationFilter  : Set SecurityContextHolder to anonymous SecurityContext
2025-03-09T21:20:24.756Z DEBUG 127114 --- [TechtrixEventManagement-1] [nio-8080-exec-2] o.s.s.w.a.Http403ForbiddenEntryPoint     : Pre-authenticated entry point called. Rejecting access
2025-03-09T21:20:45.030Z DEBUG 127114 --- [TechtrixEventManagement-1] [nio-8080-exec-4] o.s.security.web.FilterChainProxy        : Securing HEAD /
Processing request: /
2025-03-09T21:20:45.046Z DEBUG 127114 --- [TechtrixEventManagement-1] [nio-8080-exec-4] o.s.s.w.a.AnonymousAuthenticationFilter  : Set SecurityContextHolder to anonymous SecurityContext
2025-03-09T21:20:45.059Z DEBUG 127114 --- [TechtrixEventManagement-1] [nio-8080-exec-4] o.s.s.w.a.Http403ForbiddenEntryPoint     : Pre-authenticated entry point called. Rejecting access
2025-03-09T21:20:45.072Z DEBUG 127114 --- [TechtrixEventManagement-1] [nio-8080-exec-4] o.s.security.web.FilterChainProxy        : Securing HEAD /error
2025-03-09T21:20:45.074Z DEBUG 127114 --- [TechtrixEventManagement-1] [nio-8080-exec-4] o.s.s.w.a.AnonymousAuthenticationFilter  : Set SecurityContextHolder to anonymous SecurityContext
2025-03-09T21:20:45.076Z DEBUG 127114 --- [TechtrixEventManagement-1] [nio-8080-exec-4] o.s.s.w.a.Http403ForbiddenEntryPoint     : Pre-authenticated entry point called. Rejecting access
2025-03-09T21:21:02.254Z DEBUG 127114 --- [TechtrixEventManagement-1] [nio-8080-exec-5] o.s.security.web.FilterChainProxy        : Securing HEAD /
Processing request: /
2025-03-09T21:21:02.262Z DEBUG 127114 --- [TechtrixEventManagement-1] [nio-8080-exec-5] o.s.s.w.a.AnonymousAuthenticationFilter  : Set SecurityContextHolder to anonymous SecurityContext
2025-03-09T21:21:02.269Z DEBUG 127114 --- [TechtrixEventManagement-1] [nio-8080-exec-5] o.s.s.w.a.Http403ForbiddenEntryPoint     : Pre-authenticated entry point called. Rejecting access
2025-03-09T21:21:02.280Z DEBUG 127114 --- [TechtrixEventManagement-1] [nio-8080-exec-5] o.s.security.web.FilterChainProxy        : Securing HEAD /error
2025-03-09T21:21:02.281Z DEBUG 127114 --- [TechtrixEventManagement-1] [nio-8080-exec-5] o.s.s.w.a.AnonymousAuthenticationFilter  : Set SecurityContextHolder to anonymous SecurityContext
2025-03-09T21:21:02.283Z DEBUG 127114 --- [TechtrixEventManagement-1] [nio-8080-exec-5] o.s.s.w.a.Http403ForbiddenEntryPoint     : Pre-authenticated entry point called. Rejecting access
2025-03-09T21:25:06.413Z DEBUG 127114 --- [TechtrixEventManagement-1] [nio-8080-exec-6] o.s.security.web.FilterChainProxy        : Securing GET /
Processing request: /
2025-03-09T21:25:06.432Z DEBUG 127114 --- [TechtrixEventManagement-1] [nio-8080-exec-6] o.s.s.w.a.AnonymousAuthenticationFilter  : Set SecurityContextHolder to anonymous SecurityContext
2025-03-09T21:25:06.440Z DEBUG 127114 --- [TechtrixEventManagement-1] [nio-8080-exec-6] o.s.s.w.a.Http403ForbiddenEntryPoint     : Pre-authenticated entry point called. Rejecting access
2025-03-09T21:25:06.450Z DEBUG 127114 --- [TechtrixEventManagement-1] [nio-8080-exec-6] o.s.security.web.FilterChainProxy        : Securing GET /error
2025-03-09T21:25:06.457Z DEBUG 127114 --- [TechtrixEventManagement-1] [nio-8080-exec-6] o.s.s.w.a.AnonymousAuthenticationFilter  : Set SecurityContextHolder to anonymous SecurityContext
2025-03-09T21:25:06.458Z DEBUG 127114 --- [TechtrixEventManagement-1] [nio-8080-exec-6] o.s.s.w.a.Http403ForbiddenEntryPoint     : Pre-authenticated entry point called. Rejecting access
2025-03-09T21:25:08.527Z DEBUG 127114 --- [TechtrixEventManagement-1] [nio-8080-exec-7] o.s.security.web.FilterChainProxy        : Securing GET /
Processing request: /
2025-03-09T21:25:08.530Z DEBUG 127114 --- [TechtrixEventManagement-1] [nio-8080-exec-7] o.s.s.w.a.AnonymousAuthenticationFilter  : Set SecurityContextHolder to anonymous SecurityContext
2025-03-09T21:25:08.533Z DEBUG 127114 --- [TechtrixEventManagement-1] [nio-8080-exec-7] o.s.s.w.a.Http403ForbiddenEntryPoint     : Pre-authenticated entry point called. Rejecting access
2025-03-09T21:25:08.542Z DEBUG 127114 --- [TechtrixEventManagement-1] [nio-8080-exec-7] o.s.security.web.FilterChainProxy        : Securing GET /error
2025-03-09T21:25:08.546Z DEBUG 127114 --- [TechtrixEventManagement-1] [nio-8080-exec-7] o.s.s.w.a.AnonymousAuthenticationFilter  : Set SecurityContextHolder to anonymous SecurityContext
2025-03-09T21:25:08.547Z DEBUG 127114 --- [TechtrixEventManagement-1] [nio-8080-exec-7] o.s.s.w.a.Http403ForbiddenEntryPoint     : Pre-authenticated entry point called. Rejecting access
2025-03-09T21:25:10.260Z DEBUG 127114 --- [TechtrixEventManagement-1] [nio-8080-exec-8] o.s.security.web.FilterChainProxy        : Securing GET /
Processing request: /
2025-03-09T21:25:10.262Z DEBUG 127114 --- [TechtrixEventManagement-1] [nio-8080-exec-8] o.s.s.w.a.AnonymousAuthenticationFilter  : Set SecurityContextHolder to anonymous SecurityContext
2025-03-09T21:25:10.264Z DEBUG 127114 --- [TechtrixEventManagement-1] [nio-8080-exec-8] o.s.s.w.a.Http403ForbiddenEntryPoint     : Pre-authenticated entry point called. Rejecting access
2025-03-09T21:25:10.270Z DEBUG 127114 --- [TechtrixEventManagement-1] [nio-8080-exec-8] o.s.security.web.FilterChainProxy        : Securing GET /error
2025-03-09T21:25:10.272Z DEBUG 127114 --- [TechtrixEventManagement-1] [nio-8080-exec-8] o.s.s.w.a.AnonymousAuthenticationFilter  : Set SecurityContextHolder to anonymous SecurityContext
2025-03-09T21:25:10.275Z DEBUG 127114 --- [TechtrixEventManagement-1] [nio-8080-exec-8] o.s.s.w.a.Http403ForbiddenEntryPoint     : Pre-authenticated entry point called. Rejecting access
2025-03-09T21:25:10.575Z DEBUG 127114 --- [TechtrixEventManagement-1] [io-8080-exec-10] o.s.security.web.FilterChainProxy        : Securing GET /
Processing request: /
2025-03-09T21:25:10.577Z DEBUG 127114 --- [TechtrixEventManagement-1] [io-8080-exec-10] o.s.s.w.a.AnonymousAuthenticationFilter  : Set SecurityContextHolder to anonymous SecurityContext
2025-03-09T21:25:10.583Z DEBUG 127114 --- [TechtrixEventManagement-1] [io-8080-exec-10] o.s.s.w.a.Http403ForbiddenEntryPoint     : Pre-authenticated entry point called. Rejecting access
2025-03-09T21:25:10.591Z DEBUG 127114 --- [TechtrixEventManagement-1] [io-8080-exec-10] o.s.security.web.FilterChainProxy        : Securing GET /error
2025-03-09T21:25:10.591Z DEBUG 127114 --- [TechtrixEventManagement-1] [io-8080-exec-10] o.s.s.w.a.AnonymousAuthenticationFilter  : Set SecurityContextHolder to anonymous SecurityContext
2025-03-09T21:25:10.595Z DEBUG 127114 --- [TechtrixEventManagement-1] [io-8080-exec-10] o.s.s.w.a.Http403ForbiddenEntryPoint     : Pre-authenticated entry point called. Rejecting access
2025-03-09T21:25:10.598Z DEBUG 127114 --- [TechtrixEventManagement-1] [nio-8080-exec-9] o.s.security.web.FilterChainProxy        : Securing GET /
Processing request: /
2025-03-09T21:25:10.601Z DEBUG 127114 --- [TechtrixEventManagement-1] [nio-8080-exec-9] o.s.s.w.a.AnonymousAuthenticationFilter  : Set SecurityContextHolder to anonymous SecurityContext
2025-03-09T21:25:10.603Z DEBUG 127114 --- [TechtrixEventManagement-1] [nio-8080-exec-9] o.s.s.w.a.Http403ForbiddenEntryPoint     : Pre-authenticated entry point called. Rejecting access
2025-03-09T21:25:10.606Z DEBUG 127114 --- [TechtrixEventManagement-1] [nio-8080-exec-9] o.s.security.web.FilterChainProxy        : Securing GET /error
2025-03-09T21:25:10.607Z DEBUG 127114 --- [TechtrixEventManagement-1] [nio-8080-exec-9] o.s.s.w.a.AnonymousAuthenticationFilter  : Set SecurityContextHolder to anonymous SecurityContext
2025-03-09T21:25:10.608Z DEBUG 127114 --- [TechtrixEventManagement-1] [nio-8080-exec-9] o.s.s.w.a.Http403ForbiddenEntryPoint     : Pre-authenticated entry point called. Rejecting access
